    1  df -h
    2  fdisk -l
    3  mkdir /mnt/src
    4  mkdir /mnt/tar
    5  mount /dev/sda5 /mnt/src 
    6  df -h
    7  mount /dev/sdb5 /mnt/tar 
    8  df -h
    9  /mnt/tar/home/gfurlich/Downloads/
   10  ls -lrt /mnt/tar/home/gfurlich/Downloads/
   11  ls -lrt /mnt/src/home/gfurlich/Downloads/
   12  df -h
   13  umount /mnt/*
   14  df -h
   15  ddrescue --help
   16  ddrescue -f /dev/sda /dev/sdb backup20190226.log
   17  ls
   18  fdisk -l
   19  df -h
   20  mount /dev/sdd /mnt/usb
   21  df -h
   22  ls /mnt/usb
   23  ls
   24  cp backup20190226.log /mnt/usb/
   25  ls /mnt/usb/
   26  history
   27  history > backup20190226_hist.log
